[0m[[0m[0mdebug[0m] [0m[0m> Exec(run examples/test1.java, Some(dbf66a51-948c-48c6-9fff-ad75bf023551), Some(CommandSource(console0)))[0m
[0m[[0m[0mdebug[0m] [0m[0mEvaluating tasks: Compile / run[0m
[0m[[0m[0mdebug[0m] [0m[0mRunning task... Cancel: Signal, check cycles: false, forcegc: true[0m
[0m[[0m[31merror[0m] [0m[0mUnsolvedSymbolException{context='null', name='C', cause='null'}[0m
[0m[[0m[31merror[0m] [0m[0m	at com.github.javaparser.symbolsolver.javaparsermodel.JavaParserFacade.convertClassOrInterfaceTypeToUsage(JavaParserFacade.java:722)[0m
[0m[[0m[31merror[0m] [0m[0m	at com.github.javaparser.symbolsolver.javaparsermodel.JavaParserFacade.convertToUsage(JavaParserFacade.java:669)[0m
[0m[[0m[31merror[0m] [0m[0m	at com.github.javaparser.symbolsolver.javaparsermodel.JavaParserFacade.convertToUsage(JavaParserFacade.java:696)[0m
[0m[[0m[31merror[0m] [0m[0m	at com.github.javaparser.symbolsolver.JavaSymbolSolver.toResolvedType(JavaSymbolSolver.java:281)[0m
[0m[[0m[31merror[0m] [0m[0m	at com.github.javaparser.ast.type.ClassOrInterfaceType.resolve(ClassOrInterfaceType.java:312)[0m
[0m[[0m[31merror[0m] [0m[0m	at configuration.typeconverters.TypeConverters$package$.convertASTTypeToType(TypeConverters.scala:73)[0m
[0m[[0m[31merror[0m] [0m[0m	at configuration.typeconverters.TypeConverters$package$.$anonfun$1(TypeConverters.scala:195)[0m
[0m[[0m[31merror[0m] [0m[0m	at scala.collection.immutable.Vector1.map(Vector.scala:1872)[0m
[0m[[0m[31merror[0m] [0m[0m	at scala.collection.immutable.Vector1.map(Vector.scala:375)[0m
[0m[[0m[31merror[0m] [0m[0m	at configuration.typeconverters.TypeConverters$package$.convertClassOrInterfaceTypeToType(TypeConverters.scala:196)[0m
[0m[[0m[31merror[0m] [0m[0m	at configuration.typeconverters.TypeConverters$package$.convertASTTypeToType(TypeConverters.scala:55)[0m
[0m[[0m[31merror[0m] [0m[0m	at configuration.DeltaBuilderVisitor.$anonfun$3(DeltaBuilder.scala:38)[0m
[0m[[0m[31merror[0m] [0m[0m	at scala.collection.StrictOptimizedIterableOps.map(StrictOptimizedIterableOps.scala:99)[0m
[0m[[0m[31merror[0m] [0m[0m	at scala.collection.StrictOptimizedIterableOps.map$(StrictOptimizedIterableOps.scala:86)[0m
[0m[[0m[31merror[0m] [0m[0m	at scala.collection.convert.JavaCollectionWrappers$JListWrapper.map(JavaCollectionWrappers.scala:103)[0m
[0m[[0m[31merror[0m] [0m[0m	at configuration.DeltaBuilderVisitor.visit(DeltaBuilder.scala:38)[0m
[0m[[0m[31merror[0m] [0m[0m	at configuration.DeltaBuilderVisitor.visit(DeltaBuilder.scala:19)[0m
[0m[[0m[31merror[0m] [0m[0m	at com.github.javaparser.ast.body.ClassOrInterfaceDeclaration.accept(ClassOrInterfaceDeclaration.java:98)[0m
[0m[[0m[31merror[0m] [0m[0m	at com.github.javaparser.ast.visitor.VoidVisitorAdapter.lambda$visit$43(VoidVisitorAdapter.java:175)[0m
[0m[[0m[31merror[0m] [0m[0m	at java.base/java.util.ArrayList.forEach(ArrayList.java:1541)[0m
[0m[[0m[31merror[0m] [0m[0m	at com.github.javaparser.ast.NodeList.forEach(NodeList.java:290)[0m
[0m[[0m[31merror[0m] [0m[0m	at com.github.javaparser.ast.visitor.VoidVisitorAdapter.visit(VoidVisitorAdapter.java:175)[0m
[0m[[0m[31merror[0m] [0m[0m	at configuration.main$package$.buildDelta(main.scala:42)[0m
[0m[[0m[31merror[0m] [0m[0m	at configuration.main$package$.parseConfiguration(main.scala:34)[0m
[0m[[0m[31merror[0m] [0m[0m	at Main$package$.Main(Main.scala:5)[0m
[0m[[0m[31merror[0m] [0m[0m	at Main.main(Main.scala:3)[0m
[0m[[0m[31merror[0m] [0m[0m	at java.base/jdk.internal.reflect.NativeMethodAccessorImpl.invoke0(Native Method)[0m
[0m[[0m[31merror[0m] [0m[0m	at java.base/jdk.internal.reflect.NativeMethodAccessorImpl.invoke(NativeMethodAccessorImpl.java:62)[0m
[0m[[0m[31merror[0m] [0m[0m	at java.base/jdk.internal.reflect.DelegatingMethodAccessorImpl.invoke(DelegatingMethodAccessorImpl.java:43)[0m
[0m[[0m[31merror[0m] [0m[0m	at java.base/java.lang.reflect.Method.invoke(Method.java:566)[0m
[0m[[0m[31merror[0m] [0m[0m	at sbt.Run.invokeMain(Run.scala:143)[0m
[0m[[0m[31merror[0m] [0m[0m	at sbt.Run.execute$1(Run.scala:93)[0m
[0m[[0m[31merror[0m] [0m[0m	at sbt.Run.$anonfun$runWithLoader$5(Run.scala:120)[0m
[0m[[0m[31merror[0m] [0m[0m	at sbt.Run$.executeSuccess(Run.scala:186)[0m
[0m[[0m[31merror[0m] [0m[0m	at sbt.Run.runWithLoader(Run.scala:120)[0m
[0m[[0m[31merror[0m] [0m[0m	at sbt.Defaults$.$anonfun$bgRunTask$6(Defaults.scala:1983)[0m
[0m[[0m[31merror[0m] [0m[0m	at sbt.Defaults$.$anonfun$termWrapper$2(Defaults.scala:1922)[0m
[0m[[0m[31merror[0m] [0m[0m	at scala.runtime.java8.JFunction0$mcV$sp.apply(JFunction0$mcV$sp.java:23)[0m
[0m[[0m[31merror[0m] [0m[0m	at scala.util.Try$.apply(Try.scala:213)[0m
[0m[[0m[31merror[0m] [0m[0m	at sbt.internal.BackgroundThreadPool$BackgroundRunnable.run(DefaultBackgroundJobService.scala:369)[0m
[0m[[0m[31merror[0m] [0m[0m	at java.base/java.util.concurrent.ThreadPoolExecutor.runWorker(ThreadPoolExecutor.java:1128)[0m
[0m[[0m[31merror[0m] [0m[0m	at java.base/java.util.concurrent.ThreadPoolExecutor$Worker.run(ThreadPoolExecutor.java:628)[0m
[0m[[0m[31merror[0m] [0m[0m	at java.base/java.lang.Thread.run(Thread.java:829)[0m
[0m[[0m[31merror[0m] [0m[0m(Compile / [31mrun[0m) UnsolvedSymbolException{context='null', name='C', cause='null'}[0m
[0m[[0m[31merror[0m] [0m[0mTotal time: 0 s, completed 25 Mar 2022, 7:23:48 PM[0m
[0m[[0m[0mdebug[0m] [0m[0m> Exec(shell, None, None)[0m
