[0m[[0m[0mdebug[0m] [0m[0m> Exec(console, Some(d44e22b2-ccf0-4e2a-95fb-e5081b1efb49), Some(CommandSource(console0)))[0m
[0m[[0m[0mdebug[0m] [0m[0mEvaluating tasks: Compile / console[0m
[0m[[0m[0mdebug[0m] [0m[0mRunning task... Cancel: Signal, check cycles: false, forcegc: true[0m
[0m[[0m[0minfo[0m] [0m[0mcompiling 3 Scala sources to /home/yongqi/Repositories/anotherjavacpp/target/scala-3.0.2/classes ...[0m
[0m[[0m[31merror[0m] [0m[0m[31m-- Error: /home/yongqi/Repositories/anotherjavacpp/src/main/scala/configuration/TypeConverters.scala:53:63 [0m[0m
[0m[[0m[31merror[0m] [0m[0m[31m53 |[0m        resolveArrayAccessExpr(config, expr.asArrayAccessExpr, memo)[0m
[0m[[0m[31merror[0m] [0m[0m   |                                                               [31m^^^^[0m[0m
[0m[[0m[31merror[0m] [0m[0m   |too many arguments for [33mmethod[0m [35mresolveArrayAccessExpr[0m in [33mpackage[0m [35mconfiguration.typeconverters[0m: (config: configuration.MutableConfiguration, expr: [0m
[0m[[0m[31merror[0m] [0m[0m   |  com.github.javaparser.ast.expr.ArrayAccessExpr[0m
[0m[[0m[31merror[0m] [0m[0m   |): configuration.Type[0m
[0m[[0m[31merror[0m] [0m[0m[31m-- Error: /home/yongqi/Repositories/anotherjavacpp/src/main/scala/configuration/TypeConverters.scala:55:73 [0m[0m
[0m[[0m[31merror[0m] [0m[0m[31m55 |[0m        resolveArrayInitializerExpr(config, expr.asArrayInitializerExpr, memo)[0m
[0m[[0m[31merror[0m] [0m[0m   |                                                                         [31m^^^^[0m[0m
[0m[[0m[31merror[0m] [0m[0m   |too many arguments for [33mmethod[0m [35mresolveArrayInitializerExpr[0m in [33mpackage[0m [35mconfiguration.typeconverters[0m: (config: configuration.MutableConfiguration, expr: [0m
[0m[[0m[31merror[0m] [0m[0m   |  com.github.javaparser.ast.expr.ArrayInitializerExpr[0m
[0m[[0m[31merror[0m] [0m[0m   |): configuration.Type[0m
[0m[[0m[31merror[0m] [0m[0m[31m-- Error: /home/yongqi/Repositories/anotherjavacpp/src/main/scala/configuration/TypeConverters.scala:57:53 [0m[0m
[0m[[0m[31merror[0m] [0m[0m[31m57 |[0m        resolveAssignExpr(config, expr.asAssignExpr, memo)[0m
[0m[[0m[31merror[0m] [0m[0m   |                                                     [31m^^^^[0m[0m
[0m[[0m[31merror[0m] [0m[0m   |too many arguments for [33mmethod[0m [35mresolveAssignExpr[0m in [33mpackage[0m [35mconfiguration.typeconverters[0m: (config: configuration.MutableConfiguration, expr: [0m
[0m[[0m[31merror[0m] [0m[0m   |  com.github.javaparser.ast.expr.AssignExpr[0m
[0m[[0m[31merror[0m] [0m[0m   |): configuration.Type[0m
[0m[[0m[31merror[0m] [0m[0m[31m-- Error: /home/yongqi/Repositories/anotherjavacpp/src/main/scala/configuration/TypeConverters.scala:59:53 [0m[0m
[0m[[0m[31merror[0m] [0m[0m[31m59 |[0m        resolveBinaryExpr(config, expr.asBinaryExpr, memo)[0m
[0m[[0m[31merror[0m] [0m[0m   |                                                     [31m^^^^[0m[0m
[0m[[0m[31merror[0m] [0m[0m   |too many arguments for [33mmethod[0m [35mresolveBinaryExpr[0m in [33mpackage[0m [35mconfiguration.typeconverters[0m: (config: configuration.MutableConfiguration, expr: [0m
[0m[[0m[31merror[0m] [0m[0m   |  com.github.javaparser.ast.expr.BinaryExpr[0m
[0m[[0m[31merror[0m] [0m[0m   |): configuration.Type[0m
[0m[[0m[31merror[0m] [0m[0m[31m-- Error: /home/yongqi/Repositories/anotherjavacpp/src/main/scala/configuration/TypeConverters.scala:61:49 [0m[0m
[0m[[0m[31merror[0m] [0m[0m[31m61 |[0m        resolveCastExpr(config, expr.asCastExpr, memo)[0m
[0m[[0m[31merror[0m] [0m[0m   |                                                 [31m^^^^[0m[0m
[0m[[0m[31merror[0m] [0m[0m   |too many arguments for [33mmethod[0m [35mresolveCastExpr[0m in [33mpackage[0m [35mconfiguration.typeconverters[0m: (config: configuration.MutableConfiguration, expr: [0m
[0m[[0m[31merror[0m] [0m[0m   |  com.github.javaparser.ast.expr.CastExpr[0m
[0m[[0m[31merror[0m] [0m[0m   |): configuration.Type[0m
[0m[[0m[31merror[0m] [0m[0m[31m-- Error: /home/yongqi/Repositories/anotherjavacpp/src/main/scala/configuration/TypeConverters.scala:63:51 [0m[0m
[0m[[0m[31merror[0m] [0m[0m[31m63 |[0m        resolveClassExpr(config, expr.asClassExpr, memo)[0m
[0m[[0m[31merror[0m] [0m[0m   |                                                   [31m^^^^[0m[0m
[0m[[0m[31merror[0m] [0m[0m   |too many arguments for [33mmethod[0m [35mresolveClassExpr[0m in [33mpackage[0m [35mconfiguration.typeconverters[0m: (config: configuration.MutableConfiguration, expr: [0m
[0m[[0m[31merror[0m] [0m[0m   |  com.github.javaparser.ast.expr.ClassExpr[0m
[0m[[0m[31merror[0m] [0m[0m   |): configuration.Type[0m
[0m[[0m[31merror[0m] [0m[0m[31m-- Error: /home/yongqi/Repositories/anotherjavacpp/src/main/scala/configuration/TypeConverters.scala:65:63 [0m[0m
[0m[[0m[31merror[0m] [0m[0m[31m65 |[0m        resolveConditionalExpr(config, expr.asConditionalExpr, memo)[0m
[0m[[0m[31merror[0m] [0m[0m   |                                                               [31m^^^^[0m[0m
[0m[[0m[31merror[0m] [0m[0m   |too many arguments for [33mmethod[0m [35mresolveConditionalExpr[0m in [33mpackage[0m [35mconfiguration.typeconverters[0m: (config: configuration.MutableConfiguration, expr: [0m
[0m[[0m[31merror[0m] [0m[0m   |  com.github.javaparser.ast.expr.ConditionalExpr[0m
[0m[[0m[31merror[0m] [0m[0m   |): configuration.Type[0m
[0m[[0m[31merror[0m] [0m[0m[31m-- Error: /home/yongqi/Repositories/anotherjavacpp/src/main/scala/configuration/TypeConverters.scala:67:57 [0m[0m
[0m[[0m[31merror[0m] [0m[0m[31m67 |[0m        resolveEnclosedExpr(config, expr.asEnclosedExpr, memo)[0m
[0m[[0m[31merror[0m] [0m[0m   |                                                         [31m^^^^[0m[0m
[0m[[0m[31merror[0m] [0m[0m   |too many arguments for [33mmethod[0m [35mresolveEnclosedExpr[0m in [33mpackage[0m [35mconfiguration.typeconverters[0m: (config: configuration.MutableConfiguration, expr: [0m
[0m[[0m[31merror[0m] [0m[0m   |  com.github.javaparser.ast.expr.EnclosedExpr[0m
[0m[[0m[31merror[0m] [0m[0m   |): configuration.Type[0m
[0m[[0m[31merror[0m] [0m[0m[31m-- Error: /home/yongqi/Repositories/anotherjavacpp/src/main/scala/configuration/TypeConverters.scala:69:61 [0m[0m
[0m[[0m[31merror[0m] [0m[0m[31m69 |[0m        resolveInstanceOfExpr(config, expr.asInstanceOfExpr, memo)[0m
[0m[[0m[31merror[0m] [0m[0m   |                                                             [31m^^^^[0m[0m
[0m[[0m[31merror[0m] [0m[0m   |too many arguments for [33mmethod[0m [35mresolveInstanceOfExpr[0m in [33mpackage[0m [35mconfiguration.typeconverters[0m: (config: configuration.MutableConfiguration, expr: [0m
[0m[[0m[31merror[0m] [0m[0m   |  com.github.javaparser.ast.expr.InstanceOfExpr[0m
[0m[[0m[31merror[0m] [0m[0m   |): configuration.Type[0m
[0m[[0m[31merror[0m] [0m[0m[31m-- Error: /home/yongqi/Repositories/anotherjavacpp/src/main/scala/configuration/TypeConverters.scala:71:53 [0m[0m
[0m[[0m[31merror[0m] [0m[0m[31m71 |[0m        resolveLambdaExpr(config, expr.asLambdaExpr, memo)[0m
[0m[[0m[31merror[0m] [0m[0m   |                                                     [31m^^^^[0m[0m
[0m[[0m[31merror[0m] [0m[0m   |too many arguments for [33mmethod[0m [35mresolveLambdaExpr[0m in [33mpackage[0m [35mconfiguration.typeconverters[0m: (config: configuration.MutableConfiguration, expr: [0m
[0m[[0m[31merror[0m] [0m[0m   |  com.github.javaparser.ast.expr.LambdaExpr[0m
[0m[[0m[31merror[0m] [0m[0m   |): configuration.Type[0m
[0m[[0m[31merror[0m] [0m[0m[31m-- Error: /home/yongqi/Repositories/anotherjavacpp/src/main/scala/configuration/TypeConverters.scala:73:61 [0m[0m
[0m[[0m[31merror[0m] [0m[0m[31m73 |[0m        resolveMethodCallExpr(config, expr.asMethodCallExpr, memo)[0m
[0m[[0m[31merror[0m] [0m[0m   |                                                             [31m^^^^[0m[0m
[0m[[0m[31merror[0m] [0m[0m   |too many arguments for [33mmethod[0m [35mresolveMethodCallExpr[0m in [33mpackage[0m [35mconfiguration.typeconverters[0m: (config: configuration.MutableConfiguration, expr: [0m
[0m[[0m[31merror[0m] [0m[0m   |  com.github.javaparser.ast.expr.MethodCallExpr[0m
[0m[[0m[31merror[0m] [0m[0m   |): configuration.Type[0m
[0m[[0m[31merror[0m] [0m[0m[31m-- Error: /home/yongqi/Repositories/anotherjavacpp/src/main/scala/configuration/TypeConverters.scala:75:71 [0m[0m
[0m[[0m[31merror[0m] [0m[0m[31m75 |[0m        resolveMethodReferenceExpr(config, expr.asMethodReferenceExpr, memo)[0m
[0m[[0m[31merror[0m] [0m[0m   |                                                                       [31m^^^^[0m[0m
[0m[[0m[31merror[0m] [0m[0m   |too many arguments for [33mmethod[0m [35mresolveMethodReferenceExpr[0m in [33mpackage[0m [35mconfiguration.typeconverters[0m: (config: configuration.MutableConfiguration, expr: [0m
[0m[[0m[31merror[0m] [0m[0m   |  com.github.javaparser.ast.expr.MethodReferenceExpr[0m
[0m[[0m[31merror[0m] [0m[0m   |): configuration.Type[0m
[0m[[0m[31merror[0m] [0m[0m[31m-- Error: /home/yongqi/Repositories/anotherjavacpp/src/main/scala/configuration/TypeConverters.scala:77:49 [0m[0m
[0m[[0m[31merror[0m] [0m[0m[31m77 |[0m        resolveNameExpr(config, expr.asNameExpr, memo)[0m
[0m[[0m[31merror[0m] [0m[0m   |                                                 [31m^^^^[0m[0m
[0m[[0m[31merror[0m] [0m[0m   |too many arguments for [33mmethod[0m [35mresolveNameExpr[0m in [33mpackage[0m [35mconfiguration.typeconverters[0m: (config: configuration.MutableConfiguration, expr: [0m
[0m[[0m[31merror[0m] [0m[0m   |  com.github.javaparser.ast.expr.NameExpr[0m
[0m[[0m[31merror[0m] [0m[0m   |): configuration.Type[0m
[0m[[0m[31merror[0m] [0m[0m[31m-- Error: /home/yongqi/Repositories/anotherjavacpp/src/main/scala/configuration/TypeConverters.scala:79:69 [0m[0m
[0m[[0m[31merror[0m] [0m[0m[31m79 |[0m        resolveObjectCreationExpr(config, expr.asObjectCreationExpr, memo)[0m
[0m[[0m[31merror[0m] [0m[0m   |                                                                     [31m^^^^[0m[0m
[0m[[0m[31merror[0m] [0m[0m   |too many arguments for [33mmethod[0m [35mresolveObjectCreationExpr[0m in [33mpackage[0m [35mconfiguration.typeconverters[0m: (config: configuration.MutableConfiguration, expr: [0m
[0m[[0m[31merror[0m] [0m[0m   |  com.github.javaparser.ast.expr.ObjectCreationExpr[0m
[0m[[0m[31merror[0m] [0m[0m   |): configuration.Type[0m
[0m[[0m[31merror[0m] [0m[0m[31m-- Error: /home/yongqi/Repositories/anotherjavacpp/src/main/scala/configuration/TypeConverters.scala:81:55 [0m[0m
[0m[[0m[31merror[0m] [0m[0m[31m81 |[0m        resolvePatternExpr(config, expr.asPatternExpr, memo)[0m
[0m[[0m[31merror[0m] [0m[0m   |                                                       [31m^^^^[0m[0m
[0m[[0m[31merror[0m] [0m[0m   |too many arguments for [33mmethod[0m [35mresolvePatternExpr[0m in [33mpackage[0m [35mconfiguration.typeconverters[0m: (config: configuration.MutableConfiguration, expr: [0m
[0m[[0m[31merror[0m] [0m[0m   |  com.github.javaparser.ast.expr.PatternExpr[0m
[0m[[0m[31merror[0m] [0m[0m   |): configuration.Type[0m
[0m[[0m[31merror[0m] [0m[0m[31m-- Error: /home/yongqi/Repositories/anotherjavacpp/src/main/scala/configuration/TypeConverters.scala:83:51 [0m[0m
[0m[[0m[31merror[0m] [0m[0m[31m83 |[0m        resolveSuperExpr(config, expr.asSuperExpr, memo)[0m
[0m[[0m[31merror[0m] [0m[0m   |                                                   [31m^^^^[0m[0m
[0m[[0m[31merror[0m] [0m[0m   |too many arguments for [33mmethod[0m [35mresolveSuperExpr[0m in [33mpackage[0m [35mconfiguration.typeconverters[0m: (config: configuration.MutableConfiguration, expr: [0m
[0m[[0m[31merror[0m] [0m[0m   |  com.github.javaparser.ast.expr.SuperExpr[0m
[0m[[0m[31merror[0m] [0m[0m   |): configuration.Type[0m
[0m[[0m[31merror[0m] [0m[0m[31m-- Error: /home/yongqi/Repositories/anotherjavacpp/src/main/scala/configuration/TypeConverters.scala:85:53 [0m[0m
[0m[[0m[31merror[0m] [0m[0m[31m85 |[0m        resolveSwitchExpr(config, expr.asSwitchExpr, memo)[0m
[0m[[0m[31merror[0m] [0m[0m   |                                                     [31m^^^^[0m[0m
[0m[[0m[31merror[0m] [0m[0m   |too many arguments for [33mmethod[0m [35mresolveSwitchExpr[0m in [33mpackage[0m [35mconfiguration.typeconverters[0m: (config: configuration.MutableConfiguration, expr: [0m
[0m[[0m[31merror[0m] [0m[0m   |  com.github.javaparser.ast.expr.SwitchExpr[0m
[0m[[0m[31merror[0m] [0m[0m   |): configuration.Type[0m
[0m[[0m[31merror[0m] [0m[0m[31m-- Error: /home/yongqi/Repositories/anotherjavacpp/src/main/scala/configuration/TypeConverters.scala:87:49 [0m[0m
[0m[[0m[31merror[0m] [0m[0m[31m87 |[0m        resolveThisExpr(config, expr.asThisExpr, memo)[0m
[0m[[0m[31merror[0m] [0m[0m   |                                                 [31m^^^^[0m[0m
[0m[[0m[31merror[0m] [0m[0m   |too many arguments for [33mmethod[0m [35mresolveThisExpr[0m in [33mpackage[0m [35mconfiguration.typeconverters[0m: (config: configuration.MutableConfiguration, expr: [0m
[0m[[0m[31merror[0m] [0m[0m   |  com.github.javaparser.ast.expr.ThisExpr[0m
[0m[[0m[31merror[0m] [0m[0m   |): configuration.Type[0m
[0m[[0m[31merror[0m] [0m[0m[31m-- Error: /home/yongqi/Repositories/anotherjavacpp/src/main/scala/configuration/TypeConverters.scala:89:51 [0m[0m
[0m[[0m[31merror[0m] [0m[0m[31m89 |[0m        resolveUnaryExpr(config, expr.asUnaryExpr, memo)[0m
[0m[[0m[31merror[0m] [0m[0m   |                                                   [31m^^^^[0m[0m
[0m[[0m[31merror[0m] [0m[0m   |too many arguments for [33mmethod[0m [35mresolveUnaryExpr[0m in [33mpackage[0m [35mconfiguration.typeconverters[0m: (config: configuration.MutableConfiguration, expr: [0m
[0m[[0m[31merror[0m] [0m[0m   |  com.github.javaparser.ast.expr.UnaryExpr[0m
[0m[[0m[31merror[0m] [0m[0m   |): configuration.Type[0m
[0m[[0m[31merror[0m] [0m[0m[31m-- Error: /home/yongqi/Repositories/anotherjavacpp/src/main/scala/configuration/TypeConverters.scala:94:10 [0m[0m
[0m[[0m[31merror[0m] [0m[0m[31m94 |[0m          memo[0m
[0m[[0m[31merror[0m] [0m[0m   |          [31m^^^^[0m[0m
[0m[[0m[31merror[0m] [0m[0m   |too many arguments for [33mmethod[0m [35mresolveVariableDeclarationExpr[0m in [33mpackage[0m [35mconfiguration.typeconverters[0m: (config: configuration.MutableConfiguration, expr: [0m
[0m[[0m[31merror[0m] [0m[0m   |  com.github.javaparser.ast.expr.VariableDeclarationExpr[0m
[0m[[0m[31merror[0m] [0m[0m   |): configuration.Type[0m
[0m[[0m[31merror[0m] [0m[0m[31m-- [E007] Type Mismatch Error: /home/yongqi/Repositories/anotherjavacpp/src/main/scala/configuration/TypeConverters.scala:122:55 [0m[0m
[0m[[0m[31merror[0m] [0m[0m[31m122 |[0m          [33mcase[0m failure @ None    => toBounds(typet, md)[0m
[0m[[0m[31merror[0m] [0m[0m    |                                                       [31m^[0m[0m
[0m[[0m[31merror[0m] [0m[0m    |                                  Found:    Unit[0m
[0m[[0m[31merror[0m] [0m[0m    |                                  Required: Option[configuration.Type][0m
[0m[[0m[31merror[0m] [0m[0m[31m-- [E007] Type Mismatch Error: /home/yongqi/Repositories/anotherjavacpp/src/main/scala/configuration/TypeConverters.scala:137:5 [0m[0m
[0m[[0m[31merror[0m] [0m[0m[31m137 |[0m    )[0m
[0m[[0m[31merror[0m] [0m[0m    |     [31m^[0m[0m
[0m[[0m[31merror[0m] [0m[0m    |     Found:    Unit[0m
[0m[[0m[31merror[0m] [0m[0m    |     Required: Option[configuration.Type][0m
[0m[[0m[31merror[0m] [0m[0m[31m-- Error: /home/yongqi/Repositories/anotherjavacpp/src/main/scala/configuration/TypeConverters.scala:166:27 [0m[0m
[0m[[0m[31merror[0m] [0m[0m[31m166 |[0m          resolveExpression(config, expr.getScope) [33mmatch[0m[0m
[0m[[0m[31merror[0m] [0m[0m    |          [31m^^^^^^^^^^^^^^^^^^^^^^^^^^^^^^^^^^^^^^^^[0m[0m
[0m[[0m[31merror[0m] [0m[0m    |missing argument for parameter memo of [33mmethod[0m [35mresolveExpression[0m in [33mpackage[0m [35mconfiguration.typeconverters[0m: (config: configuration.MutableConfiguration, expr: [0m
[0m[[0m[31merror[0m] [0m[0m    |  com.github.javaparser.ast.expr.Expression[0m
[0m[[0m[31merror[0m] [0m[0m    |, memo: [0m
[0m[[0m[31merror[0m] [0m[0m    |  collection.mutable.Map[com.github.javaparser.ast.expr.Expression, [0m
[0m[[0m[31merror[0m] [0m[0m    |    configuration.Type[0m
[0m[[0m[31merror[0m] [0m[0m    |  ][0m
[0m[[0m[31merror[0m] [0m[0m    |): configuration.Type[0m
[0m[[0m[31merror[0m] [0m[0m[31m-- [E045] Cyclic Error: /home/yongqi/Repositories/anotherjavacpp/src/main/scala/configuration/TypeConverters.scala:167:40 [0m[0m
[0m[[0m[31merror[0m] [0m[0m[31m167 |[0m            [33mcase[0m IntersectionType(x) => x([31m0[0m)[0m
[0m[[0m[31merror[0m] [0m[0m    |                                        [31m^[0m[0m
[0m[[0m[31merror[0m] [0m[0m    |                                        Recursive [33mvalue[0m [35mx[0m needs type[0m
[0m[[0m[31merror[0m] [0m[0m24 errors found[0m
[0m[[0m[31merror[0m] [0m[0m24 errors found[0m
[0m[[0m[31merror[0m] [0m[0m(Compile / [31mcompileIncremental[0m) Compilation failed[0m
[0m[[0m[31merror[0m] [0m[0mTotal time: 5 s, completed 5 Apr 2022, 2:20:07 PM[0m
[0m[[0m[0mdebug[0m] [0m[0m> Exec(shell, None, None)[0m
